This is pdfTeX, Version 3.141592653-2.6-1.40.24 (MiKTeX 22.1) (preloaded format=pdflatex 2024.11.15)  14 JAN 2025 23:38
entering extended mode
 restricted \write18 enabled.
 file:line:error style messages enabled.
 %&-line parsing enabled.
**/Users/user/Desktop/Project_Info/My_Project/project.tex
(/Users/user/Desktop/Project_Info/My_Project/project.tex
LaTeX2e <2024-11-01>
L3 programming layer <2024-11-02>
(/Users/user/Library/Application Support/MiKTeX/texmfs/install/tex/latex/base/report.cls
Document Class: report 2024/06/29 v1.4n Standard LaTeX document class
(/Users/user/Library/Application Support/MiKTeX/texmfs/install/tex/latex/base/size12.clo
File: size12.clo 2024/06/29 v1.4n Standard LaTeX file (size option)
)
\c@part=\count196
\c@chapter=\count197
\c@section=\count198
\c@subsection=\count199
\c@subsubsection=\count266
\c@paragraph=\count267
\c@subparagraph=\count268
\c@figure=\count269
\c@table=\count270
\abovecaptionskip=\skip49
\belowcaptionskip=\skip50
\bibindent=\dimen141
) (/Users/user/Library/Application Support/MiKTeX/texmfs/install/tex/latex/base/inputenc.sty
Package: inputenc 2024/02/08 v1.3d Input encoding file
\inpenc@prehook=\toks17
\inpenc@posthook=\toks18
) (/Users/user/Library/Application Support/MiKTeX/texmfs/install/tex/latex/geometry/geometry.sty
Package: geometry 2020/01/02 v5.9 Page Geometry
 (/Users/user/Library/Application Support/MiKTeX/texmfs/install/tex/latex/graphics/keyval.sty
Package: keyval 2022/05/29 v1.15 key=value parser (DPC)
\KV@toks@=\toks19
) (/Users/user/Library/Application Support/MiKTeX/texmfs/install/tex/generic/iftex/ifvtex.sty
Package: ifvtex 2019/10/25 v1.7 ifvtex legacy package. Use iftex instead.
 (/Users/user/Library/Application Support/MiKTeX/texmfs/install/tex/generic/iftex/iftex.sty
Package: iftex 2022/02/03 v1.0f TeX engine tests
))
\Gm@cnth=\count271
\Gm@cntv=\count272
\c@Gm@tempcnt=\count273
\Gm@bindingoffset=\dimen142
\Gm@wd@mp=\dimen143
\Gm@odd@mp=\dimen144
\Gm@even@mp=\dimen145
\Gm@layoutwidth=\dimen146
\Gm@layoutheight=\dimen147
\Gm@layouthoffset=\dimen148
\Gm@layoutvoffset=\dimen149
\Gm@dimlist=\toks20
 (/Users/user/Library/Application Support/MiKTeX/texmfs/install/tex/latex/geometry/geometry.cfg)) (/Users/user/Library/Application Support/MiKTeX/texmfs/install/tex/latex/setspace/setspace.sty
Package: setspace 2022/12/04 v6.7b set line spacing
) (/Users/user/Library/Application Support/MiKTeX/texmfs/install/tex/latex/titlesec/titlesec.sty
Package: titlesec 2023/10/27 v2.16 Sectioning titles
\ttl@box=\box52
\beforetitleunit=\skip51
\aftertitleunit=\skip52
\ttl@plus=\dimen150
\ttl@minus=\dimen151
\ttl@toksa=\toks21
\titlewidth=\dimen152
\titlewidthlast=\dimen153
\titlewidthfirst=\dimen154
) (/Users/user/Library/Application Support/MiKTeX/texmfs/install/tex/latex/graphics/graphicx.sty
Package: graphicx 2021/09/16 v1.2d Enhanced LaTeX Graphics (DPC,SPQR)
 (/Users/user/Library/Application Support/MiKTeX/texmfs/install/tex/latex/graphics/graphics.sty
Package: graphics 2024/08/06 v1.4g Standard LaTeX Graphics (DPC,SPQR)
 (/Users/user/Library/Application Support/MiKTeX/texmfs/install/tex/latex/graphics/trig.sty
Package: trig 2023/12/02 v1.11 sin cos tan (DPC)
) (/Users/user/Library/Application Support/MiKTeX/texmfs/install/tex/latex/graphics-cfg/graphics.cfg
File: graphics.cfg 2016/06/04 v1.11 sample graphics configuration
)
Package graphics Info: Driver file: pdftex.def on input line 106.
 (/Users/user/Library/Application Support/MiKTeX/texmfs/install/tex/latex/graphics-def/pdftex.def
File: pdftex.def 2024/04/13 v1.2c Graphics/color driver for pdftex
))
\Gin@req@height=\dimen155
\Gin@req@width=\dimen156
) (/Users/user/Library/Application Support/MiKTeX/texmfs/install/tex/latex/caption/subcaption.sty
Package: subcaption 2023/07/28 v1.6b Sub-captions (AR)
 (/Users/user/Library/Application Support/MiKTeX/texmfs/install/tex/latex/caption/caption.sty
Package: caption 2023/08/05 v3.6o Customizing captions (AR)
 (/Users/user/Library/Application Support/MiKTeX/texmfs/install/tex/latex/caption/caption3.sty
Package: caption3 2023/07/31 v2.4d caption3 kernel (AR)
\caption@tempdima=\dimen157
\captionmargin=\dimen158
\caption@leftmargin=\dimen159
\caption@rightmargin=\dimen160
\caption@width=\dimen161
\caption@indent=\dimen162
\caption@parindent=\dimen163
\caption@hangindent=\dimen164
Package caption Info: Standard document class detected.
)
\c@caption@flags=\count274
\c@continuedfloat=\count275
)
Package caption Info: New subtype `subfigure' on input line 238.
\c@subfigure=\count276
Package caption Info: New subtype `subtable' on input line 238.
\c@subtable=\count277
) (/Library/Application Support/MiKTeX/texmfs/install/tex/latex/amsmath/amsmath.sty
Package: amsmath 2024/11/05 v2.17t AMS math features
\@mathmargin=\skip53

For additional information on amsmath, use the `?' option.
(/Library/Application Support/MiKTeX/texmfs/install/tex/latex/amsmath/amstext.sty
Package: amstext 2021/08/26 v2.01 AMS text
 (/Library/Application Support/MiKTeX/texmfs/install/tex/latex/amsmath/amsgen.sty
File: amsgen.sty 1999/11/30 v2.0 generic functions
\@emptytoks=\toks22
\ex@=\dimen165
)) (/Library/Application Support/MiKTeX/texmfs/install/tex/latex/amsmath/amsbsy.sty
Package: amsbsy 1999/11/29 v1.2d Bold Symbols
\pmbraise@=\dimen166
) (/Library/Application Support/MiKTeX/texmfs/install/tex/latex/amsmath/amsopn.sty
Package: amsopn 2022/04/08 v2.04 operator names
)
\inf@bad=\count278
LaTeX Info: Redefining \frac on input line 233.
\uproot@=\count279
\leftroot@=\count280
LaTeX Info: Redefining \overline on input line 398.
LaTeX Info: Redefining \colon on input line 409.
\classnum@=\count281
\DOTSCASE@=\count282
LaTeX Info: Redefining \ldots on input line 495.
LaTeX Info: Redefining \dots on input line 498.
LaTeX Info: Redefining \cdots on input line 619.
\Mathstrutbox@=\box53
\strutbox@=\box54
LaTeX Info: Redefining \big on input line 721.
LaTeX Info: Redefining \Big on input line 722.
LaTeX Info: Redefining \bigg on input line 723.
LaTeX Info: Redefining \Bigg on input line 724.
\big@size=\dimen167
LaTeX Font Info:    Redeclaring font encoding OML on input line 742.
LaTeX Font Info:    Redeclaring font encoding OMS on input line 743.
\macc@depth=\count283
LaTeX Info: Redefining \bmod on input line 904.
LaTeX Info: Redefining \pmod on input line 909.
LaTeX Info: Redefining \smash on input line 939.
LaTeX Info: Redefining \relbar on input line 969.
LaTeX Info: Redefining \Relbar on input line 970.
\c@MaxMatrixCols=\count284
\dotsspace@=\muskip17
\c@parentequation=\count285
\dspbrk@lvl=\count286
\tag@help=\toks23
\row@=\count287
\column@=\count288
\maxfields@=\count289
\andhelp@=\toks24
\eqnshift@=\dimen168
\alignsep@=\dimen169
\tagshift@=\dimen170
\tagwidth@=\dimen171
\totwidth@=\dimen172
\lineht@=\dimen173
\@envbody=\toks25
\multlinegap=\skip54
\multlinetaggap=\skip55
\mathdisplay@stack=\toks26
LaTeX Info: Redefining \[ on input line 2953.
LaTeX Info: Redefining \] on input line 2954.
) (/Users/user/Library/Application Support/MiKTeX/texmfs/install/tex/latex/hyperref/hyperref.sty
Package: hyperref 2024-11-05 v7.01l Hypertext links for LaTeX
 (/Users/user/Library/Application Support/MiKTeX/texmfs/install/tex/latex/kvsetkeys/kvsetkeys.sty
Package: kvsetkeys 2022-10-05 v1.19 Key value parser (HO)
) (/Users/user/Library/Application Support/MiKTeX/texmfs/install/tex/generic/kvdefinekeys/kvdefinekeys.sty
Package: kvdefinekeys 2019-12-19 v1.6 Define keys (HO)
) (/Users/user/Library/Application Support/MiKTeX/texmfs/install/tex/generic/pdfescape/pdfescape.sty
Package: pdfescape 2019/12/09 v1.15 Implements pdfTeX's escape features (HO)
 (/Users/user/Library/Application Support/MiKTeX/texmfs/install/tex/generic/ltxcmds/ltxcmds.sty
Package: ltxcmds 2023-12-04 v1.26 LaTeX kernel commands for general use (HO)
) (/Users/user/Library/Application Support/MiKTeX/texmfs/install/tex/generic/pdftexcmds/pdftexcmds.sty
Package: pdftexcmds 2020-06-27 v0.33 Utility functions of pdfTeX for LuaTeX (HO)
 (/Users/user/Library/Application Support/MiKTeX/texmfs/install/tex/generic/infwarerr/infwarerr.sty
Package: infwarerr 2019/12/03 v1.5 Providing info/warning/error messages (HO)
)
Package pdftexcmds Info: \pdf@primitive is available.
Package pdftexcmds Info: \pdf@ifprimitive is available.
Package pdftexcmds Info: \pdfdraftmode found.
)) (/Users/user/Library/Application Support/MiKTeX/texmfs/install/tex/latex/hycolor/hycolor.sty
Package: hycolor 2020-01-27 v1.10 Color options for hyperref/bookmark (HO)
) (/Users/user/Library/Application Support/MiKTeX/texmfs/install/tex/latex/hyperref/nameref.sty
Package: nameref 2023-11-26 v2.56 Cross-referencing by name of section
 (/Users/user/Library/Application Support/MiKTeX/texmfs/install/tex/latex/refcount/refcount.sty
Package: refcount 2019/12/15 v3.6 Data extraction from label references (HO)
) (/Users/user/Library/Application Support/MiKTeX/texmfs/install/tex/generic/gettitlestring/gettitlestring.sty
Package: gettitlestring 2019/12/15 v1.6 Cleanup title references (HO)
 (/Users/user/Library/Application Support/MiKTeX/texmfs/install/tex/latex/kvoptions/kvoptions.sty
Package: kvoptions 2022-06-15 v3.15 Key value format for package options (HO)
))
\c@section@level=\count290
) (/Users/user/Library/Application Support/MiKTeX/texmfs/install/tex/latex/etoolbox/etoolbox.sty
Package: etoolbox 2020/10/05 v2.5k e-TeX tools for LaTeX (JAW)
\etb@tempcnta=\count291
) (/Users/user/Library/Application Support/MiKTeX/texmfs/install/tex/generic/stringenc/stringenc.sty
Package: stringenc 2019/11/29 v1.12 Convert strings between diff. encodings (HO)
)
\@linkdim=\dimen174
\Hy@linkcounter=\count292
\Hy@pagecounter=\count293
 (/Users/user/Library/Application Support/MiKTeX/texmfs/install/tex/latex/hyperref/pd1enc.def
File: pd1enc.def 2024-11-05 v7.01l Hyperref: PDFDocEncoding definition (HO)
Now handling font encoding PD1 ...
... no UTF-8 mapping file for font encoding PD1
) (/Users/user/Library/Application Support/MiKTeX/texmfs/install/tex/generic/intcalc/intcalc.sty
Package: intcalc 2019/12/15 v1.3 Expandable calculations with integers (HO)
)
\Hy@SavedSpaceFactor=\count294
 (/Users/user/Library/Application Support/MiKTeX/texmfs/install/tex/latex/hyperref/puenc.def
File: puenc.def 2024-11-05 v7.01l Hyperref: PDF Unicode definition (HO)
Now handling font encoding PU ...
... no UTF-8 mapping file for font encoding PU
)
Package hyperref Info: Hyper figures OFF on input line 4157.
Package hyperref Info: Link nesting OFF on input line 4162.
Package hyperref Info: Hyper index ON on input line 4165.
Package hyperref Info: Plain pages OFF on input line 4172.
Package hyperref Info: Backreferencing OFF on input line 4177.
Package hyperref Info: Implicit mode ON; LaTeX internals redefined.
Package hyperref Info: Bookmarks ON on input line 4424.
\c@Hy@tempcnt=\count295
 (/Users/user/Library/Application Support/MiKTeX/texmfs/install/tex/latex/url/url.sty
\Urlmuskip=\muskip18
Package: url 2013/09/16  ver 3.4  Verb mode for urls, etc.
)
LaTeX Info: Redefining \url on input line 4763.
\XeTeXLinkMargin=\dimen175
 (/Users/user/Library/Application Support/MiKTeX/texmfs/install/tex/generic/bitset/bitset.sty
Package: bitset 2019/12/09 v1.3 Handle bit-vector datatype (HO)
 (/Users/user/Library/Application Support/MiKTeX/texmfs/install/tex/generic/bigintcalc/bigintcalc.sty
Package: bigintcalc 2019/12/15 v1.5 Expandable calculations on big integers (HO)
))
\Fld@menulength=\count296
\Field@Width=\dimen176
\Fld@charsize=\dimen177
Package hyperref Info: Hyper figures OFF on input line 6042.
Package hyperref Info: Link nesting OFF on input line 6047.
Package hyperref Info: Hyper index ON on input line 6050.
Package hyperref Info: backreferencing OFF on input line 6057.
Package hyperref Info: Link coloring OFF on input line 6062.
Package hyperref Info: Link coloring with OCG OFF on input line 6067.
Package hyperref Info: PDF/A mode OFF on input line 6072.
 (/Users/user/Library/Application Support/MiKTeX/texmfs/install/tex/latex/base/atbegshi-ltx.sty
Package: atbegshi-ltx 2021/01/10 v1.0c Emulation of the original atbegshi
package with kernel methods
)
\Hy@abspage=\count297
\c@Item=\count298
\c@Hfootnote=\count299
)
Package hyperref Info: Driver (autodetected): hpdftex.
 (/Users/user/Library/Application Support/MiKTeX/texmfs/install/tex/latex/hyperref/hpdftex.def
File: hpdftex.def 2024-11-05 v7.01l Hyperref driver for pdfTeX
 (/Users/user/Library/Application Support/MiKTeX/texmfs/install/tex/latex/base/atveryend-ltx.sty
Package: atveryend-ltx 2020/08/19 v1.0a Emulation of the original atveryend package
with kernel methods
)
\Fld@listcount=\count300
\c@bookmark@seq@number=\count301
 (/Users/user/Library/Application Support/MiKTeX/texmfs/install/tex/latex/rerunfilecheck/rerunfilecheck.sty
Package: rerunfilecheck 2022-07-10 v1.10 Rerun checks for auxiliary files (HO)
 (/Users/user/Library/Application Support/MiKTeX/texmfs/install/tex/generic/uniquecounter/uniquecounter.sty
Package: uniquecounter 2019/12/15 v1.4 Provide unlimited unique counter (HO)
)
Package uniquecounter Info: New unique counter `rerunfilecheck' on input line 285.
)
\Hy@SectionHShift=\skip56
) (/Users/user/Library/Application Support/MiKTeX/texmfs/install/tex/latex/ragged2e/ragged2e.sty
Package: ragged2e 2023/06/22 v3.6 ragged2e Package
\CenteringLeftskip=\skip57
\RaggedLeftLeftskip=\skip58
\RaggedRightLeftskip=\skip59
\CenteringRightskip=\skip60
\RaggedLeftRightskip=\skip61
\RaggedRightRightskip=\skip62
\CenteringParfillskip=\skip63
\RaggedLeftParfillskip=\skip64
\RaggedRightParfillskip=\skip65
\JustifyingParfillskip=\skip66
\CenteringParindent=\skip67
\RaggedLeftParindent=\skip68
\RaggedRightParindent=\skip69
\JustifyingParindent=\skip70
) (/Users/user/Library/Application Support/MiKTeX/texmfs/install/tex/latex/lm/lmodern.sty
Package: lmodern 2015/05/01 v1.6.1 Latin Modern Fonts
LaTeX Font Info:    Overwriting symbol font `operators' in version `normal'
(Font)                  OT1/cmr/m/n --> OT1/lmr/m/n on input line 22.
LaTeX Font Info:    Overwriting symbol font `letters' in version `normal'
(Font)                  OML/cmm/m/it --> OML/lmm/m/it on input line 23.
LaTeX Font Info:    Overwriting symbol font `symbols' in version `normal'
(Font)                  OMS/cmsy/m/n --> OMS/lmsy/m/n on input line 24.
LaTeX Font Info:    Overwriting symbol font `largesymbols' in version `normal'
(Font)                  OMX/cmex/m/n --> OMX/lmex/m/n on input line 25.
LaTeX Font Info:    Overwriting symbol font `operators' in version `bold'
(Font)                  OT1/cmr/bx/n --> OT1/lmr/bx/n on input line 26.
LaTeX Font Info:    Overwriting symbol font `letters' in version `bold'
(Font)                  OML/cmm/b/it --> OML/lmm/b/it on input line 27.
LaTeX Font Info:    Overwriting symbol font `symbols' in version `bold'
(Font)                  OMS/cmsy/b/n --> OMS/lmsy/b/n on input line 28.
LaTeX Font Info:    Overwriting symbol font `largesymbols' in version `bold'
(Font)                  OMX/cmex/m/n --> OMX/lmex/m/n on input line 29.
LaTeX Font Info:    Overwriting math alphabet `\mathbf' in version `normal'
(Font)                  OT1/cmr/bx/n --> OT1/lmr/bx/n on input line 31.
LaTeX Font Info:    Overwriting math alphabet `\mathsf' in version `normal'
(Font)                  OT1/cmss/m/n --> OT1/lmss/m/n on input line 32.
LaTeX Font Info:    Overwriting math alphabet `\mathit' in version `normal'
(Font)                  OT1/cmr/m/it --> OT1/lmr/m/it on input line 33.
LaTeX Font Info:    Overwriting math alphabet `\mathtt' in version `normal'
(Font)                  OT1/cmtt/m/n --> OT1/lmtt/m/n on input line 34.
LaTeX Font Info:    Overwriting math alphabet `\mathbf' in version `bold'
(Font)                  OT1/cmr/bx/n --> OT1/lmr/bx/n on input line 35.
LaTeX Font Info:    Overwriting math alphabet `\mathsf' in version `bold'
(Font)                  OT1/cmss/bx/n --> OT1/lmss/bx/n on input line 36.
LaTeX Font Info:    Overwriting math alphabet `\mathit' in version `bold'
(Font)                  OT1/cmr/bx/it --> OT1/lmr/bx/it on input line 37.
LaTeX Font Info:    Overwriting math alphabet `\mathtt' in version `bold'
(Font)                  OT1/cmtt/m/n --> OT1/lmtt/m/n on input line 38.
) (/Users/user/Library/Application Support/MiKTeX/texmfs/install/tex/latex/tools/array.sty
Package: array 2024/10/17 v2.6g Tabular extension package (FMi)
\col@sep=\dimen178
\ar@mcellbox=\box55
\extrarowheight=\dimen179
\NC@list=\toks27
\extratabsurround=\skip71
\backup@length=\skip72
\ar@cellbox=\box56
)
Package hyperref Info: Option `colorlinks' set `true' on input line 35.
LaTeX Font Info:    Trying to load font information for OT1+lmr on input line 38.
 (/Users/user/Library/Application Support/MiKTeX/texmfs/install/tex/latex/lm/ot1lmr.fd
File: ot1lmr.fd 2015/05/01 v1.6.1 Font defs for Latin Modern
) (/Users/user/Library/Application Support/MiKTeX/texmfs/install/tex/latex/l3backend/l3backend-pdftex.def
File: l3backend-pdftex.def 2024-05-08 L3 backend support: PDF output (pdfTeX)
\l__color_backend_stack_int=\count302
\l__pdf_internal_box=\box57
) (project.aux)
\openout1 = `project.aux'.

LaTeX Font Info:    Checking defaults for OML/cmm/m/it on input line 38.
LaTeX Font Info:    ... okay on input line 38.
LaTeX Font Info:    Checking defaults for OMS/cmsy/m/n on input line 38.
LaTeX Font Info:    ... okay on input line 38.
LaTeX Font Info:    Checking defaults for OT1/cmr/m/n on input line 38.
LaTeX Font Info:    ... okay on input line 38.
LaTeX Font Info:    Checking defaults for T1/cmr/m/n on input line 38.
LaTeX Font Info:    ... okay on input line 38.
LaTeX Font Info:    Checking defaults for TS1/cmr/m/n on input line 38.
LaTeX Font Info:    ... okay on input line 38.
LaTeX Font Info:    Checking defaults for OMX/cmex/m/n on input line 38.
LaTeX Font Info:    ... okay on input line 38.
LaTeX Font Info:    Checking defaults for U/cmr/m/n on input line 38.
LaTeX Font Info:    ... okay on input line 38.
LaTeX Font Info:    Checking defaults for PD1/pdf/m/n on input line 38.
LaTeX Font Info:    ... okay on input line 38.
LaTeX Font Info:    Checking defaults for PU/pdf/m/n on input line 38.
LaTeX Font Info:    ... okay on input line 38.

*geometry* driver: auto-detecting
*geometry* detected driver: pdftex
*geometry* verbose mode - [ preamble ] result:
* driver: pdftex
* paper: a4paper
* layout: <same size as paper>
* layoutoffset:(h,v)=(0.0pt,0.0pt)
* modes: 
* h-part:(L,W,R)=(72.26999pt, 452.9679pt, 72.26999pt)
* v-part:(T,H,B)=(72.26999pt, 700.50687pt, 72.26999pt)
* \paperwidth=597.50787pt
* \paperheight=845.04684pt
* \textwidth=452.9679pt
* \textheight=700.50687pt
* \oddsidemargin=0.0pt
* \evensidemargin=0.0pt
* \topmargin=-37.0pt
* \headheight=12.0pt
* \headsep=25.0pt
* \topskip=12.0pt
* \footskip=30.0pt
* \marginparwidth=35.0pt
* \marginparsep=10.0pt
* \columnsep=10.0pt
* \skip\footins=10.8pt plus 4.0pt minus 2.0pt
* \hoffset=0.0pt
* \voffset=0.0pt
* \mag=1000
* \@twocolumnfalse
* \@twosidefalse
* \@mparswitchfalse
* \@reversemarginfalse
* (1in=72.27pt=25.4mm, 1cm=28.453pt)

(/Users/user/Library/Application Support/MiKTeX/texmfs/install/tex/context/base/mkii/supp-pdf.mkii
[Loading MPS to PDF converter (version 2006.09.02).]
\scratchcounter=\count303
\scratchdimen=\dimen180
\scratchbox=\box58
\nofMPsegments=\count304
\nofMParguments=\count305
\everyMPshowfont=\toks28
\MPscratchCnt=\count306
\MPscratchDim=\dimen181
\MPnumerator=\count307
\makeMPintoPDFobject=\count308
\everyMPtoPDFconversion=\toks29
) (/Users/user/Library/Application Support/MiKTeX/texmfs/install/tex/latex/epstopdf-pkg/epstopdf-base.sty
Package: epstopdf-base 2020-01-24 v2.11 Base part for package epstopdf
Package epstopdf-base Info: Redefining graphics rule for `.eps' on input line 485.
 (/Users/user/Library/Application Support/MiKTeX/texmfs/install/tex/latex/00miktex/epstopdf-sys.cfg
File: epstopdf-sys.cfg 2021/03/18 v2.0 Configuration of epstopdf for MiKTeX
))
Package caption Info: Begin \AtBeginDocument code.
Package caption Info: hyperref package is loaded.
Package caption Info: End \AtBeginDocument code.
 (/Users/user/Library/Application Support/MiKTeX/texmfs/install/tex/latex/graphics/color.sty
Package: color 2024/06/23 v1.3e Standard LaTeX Color (DPC)
 (/Users/user/Library/Application Support/MiKTeX/texmfs/install/tex/latex/graphics-cfg/color.cfg
File: color.cfg 2016/01/02 v1.6 sample color configuration
)
Package color Info: Driver file: pdftex.def on input line 149.
 (/Users/user/Library/Application Support/MiKTeX/texmfs/install/tex/latex/graphics/mathcolor.ltx))
Package hyperref Info: Link coloring ON on input line 38.
 (project.out) (project.out)
\@outlinefile=\write3
\openout3 = `project.out'.



[1

{/Users/user/Library/Application Support/MiKTeX/texmfs/data/fonts/map/pdftex/pdftex.map}]

[1

]

[2

]

[3

] (project.lof
LaTeX Font Info:    Trying to load font information for OML+lmm on input line 2.
 (/Users/user/Library/Application Support/MiKTeX/texmfs/install/tex/latex/lm/omllmm.fd
File: omllmm.fd 2015/05/01 v1.6.1 Font defs for Latin Modern
)
LaTeX Font Info:    Trying to load font information for OMS+lmsy on input line 2.
 (/Users/user/Library/Application Support/MiKTeX/texmfs/install/tex/latex/lm/omslmsy.fd
File: omslmsy.fd 2015/05/01 v1.6.1 Font defs for Latin Modern
)
LaTeX Font Info:    Trying to load font information for OMX+lmex on input line 2.
 (/Users/user/Library/Application Support/MiKTeX/texmfs/install/tex/latex/lm/omxlmex.fd
File: omxlmex.fd 2015/05/01 v1.6.1 Font defs for Latin Modern
)
LaTeX Font Info:    External font `lmex10' loaded for size
(Font)              <12> on input line 2.
LaTeX Font Info:    External font `lmex10' loaded for size
(Font)              <8> on input line 2.
LaTeX Font Info:    External font `lmex10' loaded for size
(Font)              <6> on input line 2.
LaTeX Font Info:    Trying to load font information for TS1+lmr on input line 4.
 (/Users/user/Library/Application Support/MiKTeX/texmfs/install/tex/latex/lm/ts1lmr.fd
File: ts1lmr.fd 2015/05/01 v1.6.1 Font defs for Latin Modern
))
\tf@lof=\write4
\openout4 = `project.lof'.



[4

] (project.lot)
\tf@lot=\write5
\openout5 = `project.lot'.



[5

] (project.toc

[6

]

[7])
\tf@toc=\write6
\openout6 = `project.toc'.



[8]

[9

]
Chapter 1.

Overfull \hbox (2.24605pt too wide) in paragraph at lines 106--107
\OT1/lmr/m/n/12 Building failures, a prevalent issue in various regions, often result from poor soil conditions,
 []


Overfull \hbox (7.98401pt too wide) in paragraph at lines 108--109
\OT1/lmr/m/n/12 Sounding (VES) and Constant Separation Traversing (CST) to include subsurface mapping,
 []


Overfull \hbox (12.67943pt too wide) in paragraph at lines 108--109
\OT1/lmr/m/n/12 zones and aquifer units, revealing areas with low groundwater prospects. They demonstrated
 []


Overfull \hbox (16.57639pt too wide) in paragraph at lines 112--113
\OT1/lmr/m/n/12 faults, fractures, and lithological boundaries that may compromise the stability of engineering
 []




pdfTeX warning (ext4): destination with the same identifier (name{page.1}) has been already used, duplicate ignored
<to be read again> 
                   \relax 
l.113 
       [1

]
Overfull \hbox (12.27852pt too wide) in paragraph at lines 116--117
[]\OT1/lmr/m/n/12 Furthermore, \OT1/lmr/bx/n/12 (Warner 2004) \OT1/lmr/m/n/12 and \OT1/lmr/bx/n/12 (Ozeqin, \OT1/lmr/bx/it/12 et al., \OT1/lmr/bx/n/12 2017) \OT1/lmr/m/n/12 emphasized that geophysical
 []


Overfull \hbox (9.32925pt too wide) in paragraph at lines 116--117
\OT1/lmr/m/n/12 incorporating such techniques into site investigations, construction projects can significantly
 []


Overfull \hbox (14.68251pt too wide) in paragraph at lines 118--119
\OT1/lmr/m/n/12 successfully applied in various engineering projects to identify and map subsurface structures.
 []


Overfull \hbox (0.98395pt too wide) in paragraph at lines 120--121
[]\OT1/lmr/m/n/12 In summary, the integration of \OT1/lmr/bx/n/12 Vertical Electrical Sounding (VES) \OT1/lmr/m/n/12 and \OT1/lmr/bx/n/12 Constant
 []



[2]
Overfull \hbox (3.96332pt too wide) in paragraph at lines 123--125
\OT1/lmr/m/n/12 structural cracking, or outright collapse. Despite advancements in construction technology,
 []


Overfull \hbox (2.86627pt too wide) in paragraph at lines 123--125
\OT1/lmr/m/n/12 many civil engineering projects still suffer from cost overruns and safety concerns stemming
 []


Overfull \hbox (2.43471pt too wide) in paragraph at lines 123--125
\OT1/lmr/m/n/12 Sounding (VES) and Constant Separation Traversing (CST) have demonstrated significant
 []


Overfull \hbox (1.45728pt too wide) in paragraph at lines 129--130
\OT1/lmr/m/n/12 design by employing electrical resistivity methods, specifically Vertical Electrical Sounding
 []



[3]
Overfull \hbox (5.07999pt too wide) in paragraph at lines 136--137
[]\OT1/lmr/m/n/12 Identify weak zones, fractures, and groundwater presence that may affect the stability
 []


Overfull \hbox (8.6199pt too wide) in paragraph at lines 147--148
[]\OT1/lmr/m/n/12 Previous studies, such as \OT1/lmr/bx/n/12 Coker (2012) \OT1/lmr/m/n/12 in the Akobo area of Ibadan and \OT1/lmr/bx/n/12 (Adagunodo,
 []


Overfull \hbox (9.78448pt too wide) in paragraph at lines 147--148
\OT1/lmr/m/n/12 or general geotechnical characterizations rather than specifically addressing civil engineering
 []


Overfull \hbox (1.03975pt too wide) in paragraph at lines 149--150
\OT1/lmr/m/n/12 there remains a significant gap in leveraging these findings for actionable recommendations
 []



[4]
Overfull \hbox (7.89374pt too wide) in paragraph at lines 151--152
\OT1/lmr/m/n/12 variations, making it possible to detect faults or fractures that could compromise foundation
 []


Overfull \hbox (0.82863pt too wide) in paragraph at lines 151--152
\OT1/lmr/m/n/12 stability. By correlating resistivity data with geotechnical properties, this research delivers
 []


Overfull \hbox (2.73181pt too wide) in paragraph at lines 153--154
[]\OT1/lmr/m/n/12 Unlike previous studies, this research emphasizes civil engineering applications, offering
 []



[5]
Underfull \hbox (badness 10000) in paragraph at lines 165--166

 []

<map2.jpg, id=414, 513.92pt x 302.12875pt>
File: map2.jpg Graphic file (type jpg)
<use map2.jpg>
Package pdftex.def Info: map2.jpg  used on input line 169.
(pdftex.def)             Requested size: 452.9679pt x 266.29825pt.


[6 <./map2.jpg>]
Overfull \hbox (9.992pt too wide) in paragraph at lines 181--182
\OT1/lmr/m/n/12 The second investigation site is at Appleton Road by Abubakar Abdulsalam Hall, University
 []


Overfull \hbox (14.37617pt too wide) in paragraph at lines 183--184
\OT1/lmr/m/n/12 applicable to civil engineering practices in similar geological settings. The precise coordinates
 []


LaTeX Warning: No positions in optional float specifier.
               Default added (so using `!tbp') on input line 185.

<Map-of-Ibadan-city.png, id=419, 757.83125pt x 566.115pt>
File: Map-of-Ibadan-city.png Graphic file (type png)
<use Map-of-Ibadan-city.png>
Package pdftex.def Info: Map-of-Ibadan-city.png  used on input line 187.
(pdftex.def)             Requested size: 452.9679pt x 338.37589pt.

LaTeX Warning: No positions in optional float specifier.
               Default added (so using `!tbp') on input line 190.

<MosqueMap.jpg, id=420, 1288.815pt x 1506.62875pt>
File: MosqueMap.jpg Graphic file (type jpg)
<use MosqueMap.jpg>
Package pdftex.def Info: MosqueMap.jpg  used on input line 193.
(pdftex.def)             Requested size: 452.9679pt x 529.51195pt.

LaTeX Warning: No positions in optional float specifier.
               Default added (so using `!tbp') on input line 197.

<AAHMap.jpg, id=421, 429.605pt x 511.24333pt>
File: AAHMap.jpg Graphic file (type jpg)
<use AAHMap.jpg>
Package pdftex.def Info: AAHMap.jpg  used on input line 199.
(pdftex.def)             Requested size: 452.9679pt x 539.05241pt.


[7]

[8 <./Map-of-Ibadan-city.png>]

[9 <./MosqueMap.jpg>]

[10 <./AAHMap.jpg>]
Overfull \hbox (4.06667pt too wide) in paragraph at lines 211--212
[]\OT1/lmr/m/n/12 Chapter 4: The results, analysis, combination of VES and CST and further discusion. 
 []



[11]
Chapter 2.


[12

]
Overfull \hbox (9.47563pt too wide) in paragraph at lines 232--233
\OT1/lmr/m/n/12 Geophysical techniques offer innovative, non-invasive solutions for subsurface investigations,
 []


Overfull \hbox (1.04057pt too wide) in paragraph at lines 232--233
\OT1/lmr/m/n/12 subsurface conditions, enabling engineers to make informed decisions regarding foundation
 []


Overfull \hbox (25.61975pt too wide) in paragraph at lines 232--233
\OT1/lmr/bx/n/12 Refraction\OT1/lmr/m/n/12 , and \OT1/lmr/bx/n/12 Electrical Resistivity Methods\OT1/lmr/m/n/12 , each with unique principles, applications,
 []



[13]
<GPR_img2.jpg, id=454, 702.625pt x 762.85pt>
File: GPR_img2.jpg Graphic file (type jpg)
<use GPR_img2.jpg>
Package pdftex.def Info: GPR_img2.jpg  used on input line 252.
(pdftex.def)             Requested size: 226.48395pt x 245.89793pt.


[14 <./GPR_img2.jpg>]
Overfull \hbox (6.45737pt too wide) in paragraph at lines 264--265
\OT1/lmr/m/n/12 bedrock, enabling engineers to optimize foundation placement and reduce risks of structural
 []


Overfull \hbox (1.9692pt too wide) in paragraph at lines 264--265
\OT1/lmr/m/n/12 structures and material properties. It is particularly effective for investigating stratigraphy
 []



[15]
Overfull \hbox (3.71405pt too wide) in paragraph at lines 285--286
[]\OT1/lmr/m/n/12 The electrical resistivity method has some inherent limitations that affect the resolution
 []



[16]
Overfull \hbox (9.74362pt too wide) in paragraph at lines 292--293
\OT1/lmr/m/n/12 resistivity based on their composition, moisture content, and porosity. Conductive materials
 []



[17]
<current-flow.png, id=481, 284.39583pt x 231.19708pt>
File: current-flow.png Graphic file (type png)
<use current-flow.png>
Package pdftex.def Info: current-flow.png  used on input line 314.
(pdftex.def)             Requested size: 339.72592pt x 276.19331pt.


[18 <./current-flow.png>]
Overfull \hbox (8.01862pt too wide) in paragraph at lines 336--337
\OT1/lmr/m/n/12 difference ($\OML/lmm/m/it/12 V$\OT1/lmr/m/n/12 ) measured across two points is influenced by the resistivity of the intervening
 []



[19]

[20]
<ctf.png, id=515, 463.7325pt x 270.00874pt>
File: ctf.png Graphic file (type png)
<use ctf.png>
Package pdftex.def Info: ctf.png  used on input line 409.
(pdftex.def)             Requested size: 362.37569pt x 210.99736pt.


[21 <./ctf.png (PNG copy)>]
<apparent.jpg, id=523, 388.45125pt x 273.02pt>
File: apparent.jpg Graphic file (type jpg)
<use apparent.jpg>
Package pdftex.def Info: apparent.jpg  used on input line 432.
(pdftex.def)             Requested size: 339.72592pt x 238.77943pt.

Overfull \hbox (11.83936pt too wide) in paragraph at lines 439--440
\OT1/lmr/m/n/12 Resistivity surveying is a geophysical method used to explore and characterize the subsurface
 []



[22 <./apparent.jpg>]
Overfull \hbox (8.93294pt too wide) in paragraph at lines 445--446
\OT1/lmr/m/n/12 includes choosing the appropriate electrode configuration (like Wenner, Schlumberger,
 []


Overfull \hbox (6.44972pt too wide) in paragraph at lines 453--454
[]\OT1/lmr/bx/n/12 Calculate Apparent Resistivity and Analyze Results: \OT1/lmr/m/n/12 The apparent resistivity
 []



[23]
Overfull \hbox (0.6468pt too wide) in paragraph at lines 462--463
\OT1/lmr/m/n/12 means of electricity, allows recognizing or distinguishing the different geological formations
 []


Overfull \hbox (17.27742pt too wide) in paragraph at lines 464--465
[]\OT1/lmr/m/n/12 Vertical Electrical Sounding (VES) is a one-dimensional direct current electrical resistivity
 []



[24]

LaTeX Warning: Citation `web:0' on page 25 undefined on input line 517.


Overfull \hbox (39.87614pt too wide) in paragraph at lines 507--525
[] 
 []



[25]

[26]
Overfull \hbox (6.00307pt too wide) in paragraph at lines 533--534
\OT1/lmr/m/n/12 Ideal for vertical profiling and depth estimation and commonly used in \OT1/lmr/bx/n/12 Vertical Electrical
 []



[27]
<wenschdip.png, id=560, 687.56876pt x 618.31pt>
File: wenschdip.png Graphic file (type png)
<use wenschdip.png>
Package pdftex.def Info: wenschdip.png  used on input line 555.
(pdftex.def)             Requested size: 452.9679pt x 407.34052pt.
<sclumberger.png, id=561, 687.56876pt x 352.31625pt>
File: sclumberger.png Graphic file (type png)
<use sclumberger.png>
Package pdftex.def Info: sclumberger.png  used on input line 563.
(pdftex.def)             Requested size: 410.13141pt x 210.15419pt.

Overfull \hbox (2.46307pt too wide) in paragraph at lines 563--564
 [][] 
 []

<wenner.png, id=562, 695.59875pt x 435.6275pt>
File: wenner.png Graphic file (type png)
<use wenner.png>
Package pdftex.def Info: wenner.png  used on input line 570.
(pdftex.def)             Requested size: 391.49623pt x 245.18167pt.

Overfull \hbox (2.50494pt too wide) in paragraph at lines 581--582
\OT1/lmr/m/n/12 Electrical resistivity methods have evolved over the decades, with significant advancements
 []


Overfull \hbox (18.20575pt too wide) in paragraph at lines 581--582
\OT1/lmr/m/n/12 have demonstrated the effectiveness of electrical resistivity in identifying subsurface anomalies
 []



[28 <./wenschdip.png (PNG copy)>]

[29 <./sclumberger.png (PNG copy)> <./wenner.png>]
Overfull \hbox (10.31366pt too wide) in paragraph at lines 589--590
\OT1/lmr/m/n/12 layers. Using Vertical Electrical Sounding (VES), the authors mapped lithological variations
 []



[30]
Overfull \hbox (17.9684pt too wide) in paragraph at lines 598--599
\OT1/lmr/m/n/12 subsurface investigations. The authors emphasized that while the Schlumberger configuration
 []


Overfull \hbox (2.16473pt too wide) in paragraph at lines 600--601
\OT1/lmr/m/n/12 properties poses significant challenges. He highlights the advantages of electrical resistivity
 []


Overfull \hbox (11.72281pt too wide) in paragraph at lines 605--606
\OT1/lmr/m/n/12 published in \OT1/lmr/m/it/12 Environmental and Engineering Geophysics\OT1/lmr/m/n/12 , underscores the growing versatility
 []


Overfull \hbox (2.24654pt too wide) in paragraph at lines 607--608
\OT1/lmr/m/n/12 resistivity methods. In his book, \OT1/lmr/m/it/12 Geoelectrical Imaging for Environmental and Engineering
 []


Overfull \hbox (4.17451pt too wide) in paragraph at lines 607--608
\OT1/lmr/m/n/12 resistivity methods and their broader application in modern engineering and environmental
 []



[31]
Overfull \hbox (9.42426pt too wide) in paragraph at lines 610--611
\OT1/lmr/m/n/12 Electrical resistivity methods have also been explored for monitoring the health of structures
 []


Overfull \hbox (10.02792pt too wide) in paragraph at lines 615--616
\OT1/lmr/bx/n/12 Falae Philips Omowumi (2014) \OT1/lmr/m/n/12 carried out a geophysical survey using Vertical Electrical
 []


Overfull \hbox (27.81093pt too wide) in paragraph at lines 619--619
|[]\OT1/lmr/bx/n/17.28 Importance of Subsurface Evaluation for Foundation
 []


Overfull \hbox (2.54182pt too wide) in paragraph at lines 621--622
\OT1/lmr/m/n/12 design, as the stability, safety, and longevity of structures heavily depend on the underlying
 []



[32]

[33]
Overfull \hbox (2.27942pt too wide) in paragraph at lines 665--666
\OT1/lmr/m/n/12 combining geotechnical testing with advanced geophysical techniques, engineers can design
 []


Overfull \hbox (8.47978pt too wide) in paragraph at lines 665--666
\OT1/lmr/m/n/12 safer, more efficient foundations that address the challenges posed by site-specific subsurface
 []



[34]

[35]
Chapter 3.

Overfull \hbox (4.61424pt too wide) in paragraph at lines 677--678
\OT1/lmr/m/n/12 current into the ground and measuring potential differences. Electrodes were securely
 []


Overfull \hbox (14.23804pt too wide) in paragraph at lines 679--680
[]\OT1/lmr/bx/n/12 Measuring Tape: \OT1/lmr/m/n/12 Used to measure and maintain accurate spacing between electrodes
 []



[36

]
Overfull \hbox (16.1333pt too wide) in paragraph at lines 683--684
[]\OT1/lmr/bx/n/12 Global Positioning System (GPS): \OT1/lmr/m/n/12 Employed to accurately record the geographical
 []

<wenner_schlum.jpg, id=604, 544.68758pt x 400.90831pt>
File: wenner_schlum.jpg Graphic file (type jpg)
<use wenner_schlum.jpg>
Package pdftex.def Info: wenner_schlum.jpg  used on input line 699.
(pdftex.def)             Requested size: 339.72592pt x 250.05933pt.

LaTeX Warning: `h' float specifier changed to `ht'.



[37]

[38 <./wenner_schlum.jpg>]

[39]
Overfull \hbox (18.72905pt too wide) in paragraph at lines 743--744
\OT1/lmr/m/n/12 spacing is required, which may not be feasible in restricted spaces or urban environments
 []


Overfull \hbox (1.49603pt too wide) in paragraph at lines 744--745
\OT1/lmr/m/n/12 meaning that different subsurface conditions can produce similar resistivity patterns.
 []


Overfull \hbox (20.68646pt too wide) in paragraph at lines 749--750
\OT1/lmr/m/n/12 large areas can be time-consuming, especially in rough terrains or areas with accessibility
 []



[40]
Overfull \hbox (2.6063pt too wide) in paragraph at lines 760--761
\OT1/lmr/m/n/12 results should be validated using borehole data, geological maps, or other geophysical
 []


Overfull \hbox (15.45999pt too wide) in paragraph at lines 761--762
\OT1/lmr/m/n/12 (e.g., Schlumberger or Wenner) that best suits the survey objectives and site conditions.
 []


Overfull \hbox (2.84825pt too wide) in paragraph at lines 765--766
[]\OT1/lmr/bx/n/12 Record Detailed Field Notes: \OT1/lmr/m/n/12 Document all field conditions, instrument settings,
 []



[41]
Chapter 4.


[42

] (project.aux)
 ***********
LaTeX2e <2024-11-01>
L3 programming layer <2024-11-02>
 ***********


LaTeX Warning: There were undefined references.

Package rerunfilecheck Info: File `project.out' has not changed.
(rerunfilecheck)             Checksum: 18338C45B2FFE1C34B4148C061B26BD3;12728.
 ) 
Here is how much of TeX's memory you used:
 12148 strings out of 475616
 199034 string characters out of 2768872
 590619 words of memory out of 3000000
 34645 multiletter control sequences out of 15000+600000
 604731 words of font info for 59 fonts, out of 8000000 for 9000
 0 hyphenation exceptions out of 8191
 75i,11n,79p,1560b,594s stack positions out of 5000i,500n,10000p,200000b,80000s
{/Users/user/Library/Application Support/MiKTeX/texmfs/install/fonts/enc/dvips/lm/lm-rm.enc}{/Users/user/Library/Application Support/MiKTeX/texmfs/install/fonts/enc/dvips/lm/lm-mathex.enc}{/Users/user/Library/Application Support/MiKTeX/texmfs/install/fonts/enc/dvips/lm/lm-mathsy.enc}{/Users/user/Library/Application Support/MiKTeX/texmfs/install/fonts/enc/dvips/lm/lm-mathit.enc}{/Users/user/Library/Application Support/MiKTeX/texmfs/install/fonts/enc/dvips/lm/lm-ts1.enc}</Users/user/Library/Application Support/MiKTeX/texmfs/install/fonts/type1/public/lm/lmbx12.pfb></Users/user/Library/Application Support/MiKTeX/texmfs/install/fonts/type1/public/lm/lmbxi10.pfb></Users/user/Library/Application Support/MiKTeX/texmfs/install/fonts/type1/public/lm/lmex10.pfb></Users/user/Library/Application Support/MiKTeX/texmfs/install/fonts/type1/public/lm/lmmi12.pfb></Users/user/Library/Application Support/MiKTeX/texmfs/install/fonts/type1/public/lm/lmmi8.pfb></Users/user/Library/Application Support/MiKTeX/texmfs/install/fonts/type1/public/lm/lmr10.pfb></Users/user/Library/Application Support/MiKTeX/texmfs/install/fonts/type1/public/lm/lmr12.pfb></Users/user/Library/Application Support/MiKTeX/texmfs/install/fonts/type1/public/lm/lmr6.pfb></Users/user/Library/Application Support/MiKTeX/texmfs/install/fonts/type1/public/lm/lmr8.pfb></Users/user/Library/Application Support/MiKTeX/texmfs/install/fonts/type1/public/lm/lmri12.pfb></Users/user/Library/Application Support/MiKTeX/texmfs/install/fonts/type1/public/lm/lmsy10.pfb></Users/user/Library/Application Support/MiKTeX/texmfs/install/fonts/type1/public/lm/lmsy8.pfb>
Output written on project.pdf (52 pages, 3007457 bytes).
PDF statistics:
 745 PDF objects out of 1000 (max. 8388607)
 182 named destinations out of 1000 (max. 500000)
 573 words of extra memory for PDF output out of 10000 (max. 10000000)

