\BOOKMARK [0][-]{chapter*.1}{\376\377\000C\000e\000r\000t\000i\000f\000i\000c\000a\000t\000i\000o\000n}{}% 1
\BOOKMARK [0][-]{chapter*.2}{\376\377\000A\000b\000s\000t\000r\000a\000c\000t}{}% 2
\BOOKMARK [0][-]{chapter*.3}{\376\377\000D\000e\000d\000i\000c\000a\000t\000i\000o\000n}{}% 3
\BOOKMARK [0][-]{chapter*.4}{\376\377\000A\000c\000k\000n\000o\000w\000l\000e\000d\000g\000e\000m\000e\000n\000t\000s}{}% 4
\BOOKMARK [0][-]{chapter*.5}{\376\377\000L\000i\000s\000t\000\040\000o\000f\000\040\000F\000i\000g\000u\000r\000e\000s}{}% 5
\BOOKMARK [0][-]{chapter*.6}{\376\377\000L\000i\000s\000t\000\040\000o\000f\000\040\000T\000a\000b\000l\000e\000s}{}% 6
\BOOKMARK [0][-]{chapter.1}{\376\377\000C\000H\000A\000P\000T\000E\000R\000\040\0001\000:\000\040\000I\000N\000T\000R\000O\000D\000U\000C\000T\000I\000O\000N}{}% 7
\BOOKMARK [1][-]{section.1.1}{\376\377\000B\000a\000c\000k\000g\000r\000o\000u\000n\000d\000\040\000t\000o\000\040\000t\000h\000e\000\040\000S\000t\000u\000d\000y}{chapter.1}% 8
\BOOKMARK [1][-]{section.1.2}{\376\377\000R\000e\000s\000e\000a\000r\000c\000h\000\040\000P\000r\000o\000b\000l\000e\000m}{chapter.1}% 9
\BOOKMARK [1][-]{section.1.3}{\376\377\000A\000i\000m\000\040\000a\000n\000d\000\040\000O\000b\000j\000e\000c\000t\000i\000v\000e\000s}{chapter.1}% 10
\BOOKMARK [2][-]{subsection.1.3.1}{\376\377\000A\000i\000m\000\040\000o\000f\000\040\000t\000h\000e\000\040\000S\000t\000u\000d\000y}{section.1.3}% 11
\BOOKMARK [2][-]{subsection.1.3.2}{\376\377\000O\000b\000j\000e\000c\000t\000i\000v\000e\000s\000\040\000o\000f\000\040\000t\000h\000e\000\040\000S\000t\000u\000d\000y}{section.1.3}% 12
\BOOKMARK [1][-]{section.1.4}{\376\377\000J\000u\000s\000t\000i\000f\000i\000c\000a\000t\000i\000o\000n\000\040\000o\000f\000\040\000t\000h\000e\000\040\000S\000t\000u\000d\000y}{chapter.1}% 13
\BOOKMARK [1][-]{section.1.5}{\376\377\000G\000e\000o\000p\000h\000y\000s\000i\000c\000a\000l\000\040\000I\000n\000v\000e\000s\000t\000i\000g\000a\000t\000i\000o\000n}{chapter.1}% 14
\BOOKMARK [1][-]{section.1.6}{\376\377\000G\000e\000o\000l\000o\000g\000i\000c\000a\000l\000\040\000S\000e\000t\000t\000i\000n\000g\000s}{chapter.1}% 15
\BOOKMARK [2][-]{subsection.1.6.1}{\376\377\000T\000h\000e\000\040\000S\000t\000u\000d\000y\000\040\000L\000o\000c\000a\000t\000i\000o\000n}{section.1.6}% 16
\BOOKMARK [2][-]{subsection.1.6.2}{\376\377\000T\000h\000e\000\040\000S\000t\000u\000d\000y\000\040\000A\000r\000e\000a}{section.1.6}% 17
\BOOKMARK [1][-]{section.1.7}{\376\377\000O\000u\000t\000l\000i\000n\000e\000\040\000o\000f\000\040\000t\000h\000e\000\040\000T\000h\000e\000s\000i\000s}{chapter.1}% 18
\BOOKMARK [0][-]{chapter.2}{\376\377\000C\000H\000A\000P\000T\000E\000R\000\040\0002\000:\000\040\000L\000I\000T\000E\000R\000A\000T\000U\000R\000E\000\040\000R\000E\000V\000I\000E\000W}{}% 19
\BOOKMARK [1][-]{section.2.1}{\376\377\000I\000n\000t\000r\000o\000d\000u\000c\000t\000i\000o\000n\000\040\000t\000o\000\040\000G\000e\000o\000p\000h\000y\000s\000i\000c\000a\000l\000\040\000M\000e\000t\000h\000o\000d\000s\000\040\000i\000n\000\040\000C\000i\000v\000i\000l\000\040\000E\000n\000g\000i\000n\000e\000e\000r\000i\000n\000g}{chapter.2}% 20
\BOOKMARK [1][-]{section.2.2}{\376\377\000O\000v\000e\000r\000v\000i\000e\000w\000\040\000o\000f\000\040\000G\000e\000o\000p\000h\000y\000s\000i\000c\000a\000l\000\040\000T\000e\000c\000h\000n\000i\000q\000u\000e\000s}{chapter.2}% 21
\BOOKMARK [2][-]{subsection.2.2.1}{\376\377\000G\000r\000o\000u\000n\000d\000\040\000P\000e\000n\000e\000t\000r\000a\000t\000i\000n\000g\000\040\000R\000a\000d\000a\000r\000\040\000\050\000G\000P\000R\000\051}{section.2.2}% 22
\BOOKMARK [2][-]{subsection.2.2.2}{\376\377\000S\000e\000i\000s\000m\000i\000c\000\040\000R\000e\000f\000r\000a\000c\000t\000i\000o\000n\000\040\000M\000e\000t\000h\000o\000d\000s}{section.2.2}% 23
\BOOKMARK [2][-]{subsection.2.2.3}{\376\377\000E\000l\000e\000c\000t\000r\000i\000c\000a\000l\000\040\000R\000e\000s\000i\000s\000t\000i\000v\000i\000t\000y\000\040\000M\000e\000t\000h\000o\000d\000s}{section.2.2}% 24
\BOOKMARK [1][-]{section.2.3}{\376\377\000T\000h\000e\000o\000r\000e\000t\000i\000c\000a\000l\000\040\000B\000a\000c\000k\000g\000r\000o\000u\000n\000d\000\040\000o\000f\000\040\000E\000l\000e\000c\000t\000r\000i\000c\000a\000l\000\040\000R\000e\000s\000i\000s\000t\000i\000v\000i\000t\000y\000\040\000M\000e\000t\000h\000o\000d\000s}{chapter.2}% 25
\BOOKMARK [2][-]{subsection.2.3.1}{\376\377\000G\000e\000n\000e\000r\000a\000l\000\040\000P\000r\000i\000n\000c\000i\000p\000l\000e\000s\000\040\000o\000f\000\040\000E\000l\000e\000c\000t\000r\000i\000c\000a\000l\000\040\000R\000e\000s\000i\000s\000t\000i\000v\000i\000t\000y\000\040\000M\000e\000t\000h\000o\000d\000s}{section.2.3}% 26
\BOOKMARK [2][-]{subsection.2.3.2}{\376\377\000E\000l\000e\000c\000t\000r\000i\000c\000\040\000C\000u\000r\000r\000e\000n\000t\000\040\000F\000l\000o\000w\000\040\000i\000n\000\040\000S\000u\000b\000s\000u\000r\000f\000a\000c\000e\000\040\000M\000a\000t\000e\000r\000i\000a\000l\000s}{section.2.3}% 27
\BOOKMARK [2][-]{subsection.2.3.3}{\376\377\000E\000l\000e\000c\000t\000r\000i\000c\000a\000l\000\040\000F\000i\000e\000l\000d\000\040\000a\000n\000d\000\040\000P\000o\000t\000e\000n\000t\000i\000a\000l}{section.2.3}% 28
\BOOKMARK [2][-]{subsection.2.3.4}{\376\377\000A\000p\000p\000a\000r\000e\000n\000t\000\040\000R\000e\000s\000i\000s\000t\000i\000v\000i\000t\000y}{section.2.3}% 29
\BOOKMARK [2][-]{subsection.2.3.5}{\376\377\000T\000h\000e\000\040\000G\000e\000n\000e\000r\000a\000l\000\040\000F\000o\000u\000r\000\040\000E\000l\000e\000c\000t\000r\000o\000d\000e\000\040\000S\000y\000s\000t\000e\000m}{section.2.3}% 30
\BOOKMARK [2][-]{subsection.2.3.6}{\376\377\000E\000l\000e\000c\000t\000r\000o\000d\000e\000\040\000C\000o\000n\000f\000i\000g\000u\000r\000a\000t\000i\000o\000n}{section.2.3}% 31
\BOOKMARK [1][-]{section.2.4}{\376\377\000R\000e\000s\000i\000s\000t\000i\000v\000i\000t\000y\000\040\000S\000u\000r\000v\000e\000y\000i\000n\000g\000\040\000T\000e\000c\000h\000n\000i\000q\000u\000e\000s}{chapter.2}% 32
\BOOKMARK [2][-]{subsection.2.4.1}{\376\377\000R\000e\000s\000i\000s\000t\000i\000v\000i\000t\000y\000\040\000S\000u\000r\000v\000e\000y\000i\000n\000g}{section.2.4}% 33
\BOOKMARK [2][-]{subsection.2.4.2}{\376\377\000V\000e\000r\000t\000i\000c\000a\000l\000\040\000E\000l\000e\000c\000t\000r\000i\000c\000a\000l\000\040\000S\000o\000u\000n\000d\000i\000n\000g}{section.2.4}% 34
\BOOKMARK [2][-]{subsection.2.4.3}{\376\377\000C\000o\000n\000s\000t\000a\000n\000t\000\040\000S\000e\000p\000a\000r\000a\000t\000i\000o\000n\000\040\000T\000r\000a\000v\000e\000r\000s\000i\000n\000g}{section.2.4}% 35
\BOOKMARK [2][-]{subsection.2.4.4}{\376\377\000C\000o\000m\000p\000a\000r\000i\000s\000o\000n\000\040\000o\000f\000\040\000V\000E\000S\000\040\000a\000n\000d\000\040\000C\000S\000T}{section.2.4}% 36
\BOOKMARK [1][-]{section.2.5}{\376\377\000P\000r\000e\000v\000i\000o\000u\000s\000\040\000S\000t\000u\000d\000i\000e\000s\000\040\000o\000n\000\040\000E\000l\000e\000c\000t\000r\000i\000c\000a\000l\000\040\000R\000e\000s\000i\000s\000t\000i\000v\000i\000t\000y}{chapter.2}% 37
\BOOKMARK [2][-]{subsection.2.5.1}{\376\377\000H\000i\000s\000t\000o\000r\000i\000c\000a\000l\000\040\000C\000o\000n\000t\000e\000x\000t\000\040\000a\000n\000d\000\040\000K\000e\000y\000\040\000F\000i\000n\000d\000i\000n\000g\000s}{section.2.5}% 38
\BOOKMARK [2][-]{subsection.2.5.2}{\376\377\000P\000r\000e\000v\000i\000o\000u\000s\000\040\000S\000t\000u\000d\000i\000e\000s\000\040\000i\000n\000\040\000N\000i\000g\000e\000r\000i\000a}{section.2.5}% 39
\BOOKMARK [2][-]{subsection.2.5.3}{\376\377\000C\000o\000m\000p\000a\000r\000i\000s\000o\000n\000\040\000o\000f\000\040\000M\000e\000t\000h\000o\000d\000s}{section.2.5}% 40
\BOOKMARK [1][-]{section.2.6}{\376\377\000A\000p\000p\000l\000i\000c\000a\000t\000i\000o\000n\000s\000\040\000o\000f\000\040\000E\000l\000e\000c\000t\000r\000i\000c\000a\000l\000\040\000R\000e\000s\000i\000s\000t\000i\000v\000i\000t\000y}{chapter.2}% 41
\BOOKMARK [2][-]{subsection.2.6.1}{\376\377\000I\000n\000n\000o\000v\000a\000t\000i\000v\000e\000\040\000A\000p\000p\000l\000i\000c\000a\000t\000i\000o\000n\000s\000\040\000o\000f\000\040\000E\000l\000e\000c\000t\000r\000i\000c\000a\000l\000\040\000R\000e\000s\000i\000s\000t\000i\000v\000i\000t\000y}{section.2.6}% 42
\BOOKMARK [2][-]{subsection.2.6.2}{\376\377\000A\000p\000p\000l\000i\000c\000a\000t\000i\000o\000n\000s\000\040\000i\000n\000\040\000S\000t\000r\000u\000c\000t\000u\000r\000a\000l\000\040\000H\000e\000a\000l\000t\000h\000\040\000M\000o\000n\000i\000t\000o\000r\000i\000n\000g}{section.2.6}% 43
\BOOKMARK [2][-]{subsection.2.6.3}{\376\377\000A\000p\000p\000l\000i\000c\000a\000t\000i\000o\000n\000s\000\040\000i\000n\000\040\000B\000u\000i\000l\000d\000i\000n\000g\000\040\000F\000o\000u\000n\000d\000a\000t\000i\000o\000n}{section.2.6}% 44
\BOOKMARK [1][-]{section.2.7}{\376\377\000I\000m\000p\000o\000r\000t\000a\000n\000c\000e\000\040\000o\000f\000\040\000S\000u\000b\000s\000u\000r\000f\000a\000c\000e\000\040\000E\000v\000a\000l\000u\000a\000t\000i\000o\000n\000\040\000f\000o\000r\000\040\000F\000o\000u\000n\000d\000a\000t\000i\000o\000n\000\040\000D\000e\000s\000i\000g\000n}{chapter.2}% 45
\BOOKMARK [2][-]{subsection.2.7.1}{\376\377\000U\000n\000d\000e\000r\000s\000t\000a\000n\000d\000i\000n\000g\000\040\000S\000u\000b\000s\000u\000r\000f\000a\000c\000e\000\040\000C\000o\000n\000d\000i\000t\000i\000o\000n\000s\000:}{section.2.7}% 46
\BOOKMARK [2][-]{subsection.2.7.2}{\376\377\000B\000e\000n\000e\000f\000i\000t\000s\000\040\000o\000f\000\040\000S\000u\000b\000s\000u\000r\000f\000a\000c\000e\000\040\000E\000v\000a\000l\000u\000a\000t\000i\000o\000n\000:}{section.2.7}% 47
\BOOKMARK [2][-]{subsection.2.7.3}{\376\377\000C\000a\000s\000e\000\040\000S\000t\000u\000d\000i\000e\000s\000\040\000i\000n\000\040\000F\000o\000u\000n\000d\000a\000t\000i\000o\000n\000\040\000D\000e\000s\000i\000g\000n\000:}{section.2.7}% 48
\BOOKMARK [2][-]{subsection.2.7.4}{\376\377\000R\000e\000l\000e\000v\000a\000n\000c\000e\000\040\000t\000o\000\040\000S\000u\000s\000t\000a\000i\000n\000a\000b\000l\000e\000\040\000C\000o\000n\000s\000t\000r\000u\000c\000t\000i\000o\000n\000:}{section.2.7}% 49
\BOOKMARK [0][-]{chapter.3}{\376\377\000C\000H\000A\000P\000T\000E\000R\000\040\0003\000:\000\040\000M\000A\000T\000E\000R\000I\000A\000L\000S\000\040\000A\000N\000D\000\040\000M\000E\000T\000H\000O\000D\000S}{}% 50
\BOOKMARK [1][-]{section.3.1}{\376\377\000I\000n\000t\000r\000o\000d\000u\000c\000t\000i\000o\000n}{chapter.3}% 51
\BOOKMARK [1][-]{section.3.2}{\376\377\000G\000e\000o\000p\000h\000y\000s\000i\000c\000a\000l\000\040\000S\000u\000r\000v\000e\000y\000\040\000M\000a\000t\000e\000r\000i\000a\000l\000s\000\040\000a\000n\000d\000\040\000E\000q\000u\000i\000p\000m\000e\000n\000t}{chapter.3}% 52
\BOOKMARK [1][-]{section.3.3}{\376\377\000M\000e\000t\000h\000o\000d\000o\000l\000o\000g\000y}{chapter.3}% 53
\BOOKMARK [2][-]{subsection.3.3.1}{\376\377\000S\000u\000r\000v\000e\000y\000\040\000D\000e\000s\000i\000g\000n}{section.3.3}% 54
\BOOKMARK [2][-]{subsection.3.3.2}{\376\377\000F\000i\000e\000l\000d\000\040\000P\000r\000o\000c\000e\000d\000u\000r\000e\000s}{section.3.3}% 55
\BOOKMARK [2][-]{subsection.3.3.3}{\376\377\000D\000a\000t\000a\000\040\000A\000c\000q\000u\000i\000s\000i\000t\000i\000o\000n}{section.3.3}% 56
\BOOKMARK [2][-]{subsection.3.3.4}{\376\377\000D\000a\000t\000a\000\040\000P\000r\000o\000c\000e\000s\000s\000i\000n\000g}{section.3.3}% 57
\BOOKMARK [2][-]{subsection.3.3.5}{\376\377\000I\000n\000t\000e\000r\000p\000r\000e\000t\000a\000t\000i\000o\000n\000\040\000M\000e\000t\000h\000o\000d\000s}{section.3.3}% 58
\BOOKMARK [1][-]{section.3.4}{\376\377\000L\000i\000m\000i\000t\000a\000t\000i\000o\000n\000s\000\040\000a\000n\000d\000\040\000P\000r\000e\000c\000a\000u\000t\000i\000o\000n\000s}{chapter.3}% 59
\BOOKMARK [2][-]{subsection.3.4.1}{\376\377\000L\000i\000m\000i\000t\000a\000t\000i\000o\000n\000s}{section.3.4}% 60
\BOOKMARK [2][-]{subsection.3.4.2}{\376\377\000P\000r\000e\000c\000a\000u\000t\000i\000o\000n\000s}{section.3.4}% 61
\BOOKMARK [0][-]{chapter.4}{\376\377\000C\000H\000A\000P\000T\000E\000R\000\040\0004\000:\000\040\000R\000E\000S\000U\000L\000T\000S\000\040\000A\000N\000D\000\040\000A\000N\000A\000L\000Y\000S\000I\000S}{}% 62
\BOOKMARK [1][-]{section.4.1}{\376\377\000I\000n\000t\000r\000o\000d\000u\000c\000t\000i\000o\000n}{chapter.4}% 63
\BOOKMARK [1][-]{section.4.2}{\376\377\000D\000a\000t\000a\000\040\000A\000c\000q\000u\000i\000s\000i\000t\000i\000o\000n\000\040\000a\000n\000d\000\040\000S\000t\000u\000d\000y\000\040\000A\000r\000e\000a\000s}{chapter.4}% 64
\BOOKMARK [2][-]{subsection.4.2.1}{\376\377\000V\000e\000r\000t\000i\000c\000a\000l\000\040\000E\000l\000e\000c\000t\000r\000i\000c\000a\000l\000\040\000S\000o\000u\000n\000d\000i\000n\000g\000\040\000R\000e\000s\000i\000s\000t\000i\000v\000i\000t\000y\000\040\000F\000i\000e\000l\000d\000\040\000R\000e\000c\000o\000r\000d\000s}{section.4.2}% 65
\BOOKMARK [2][-]{subsection.4.2.2}{\376\377\000C\000o\000n\000s\000t\000a\000n\000t\000\040\000S\000e\000p\000a\000r\000a\000t\000i\000o\000n\000\040\000T\000r\000a\000v\000e\000r\000s\000i\000n\000g\000\040\000R\000e\000s\000i\000s\000t\000i\000v\000i\000t\000y\000\040\000F\000i\000e\000l\000d\000\040\000R\000e\000c\000o\000r\000d\000s}{section.4.2}% 66
\BOOKMARK [1][-]{section.4.3}{\376\377\000P\000r\000a\000c\000t\000i\000c\000a\000l\000\040\000C\000u\000r\000v\000e\000\040\000M\000a\000t\000c\000h\000i\000n\000g\000\040\000T\000e\000c\000h\000n\000i\000q\000u\000e\000s}{chapter.4}% 67
\BOOKMARK [2][-]{subsection.4.3.1}{\376\377\000T\000y\000p\000e\000s\000\040\000o\000f\000\040\000P\000o\000s\000s\000i\000b\000l\000e\000\040\000C\000u\000r\000v\000e\000s}{section.4.3}% 68
\BOOKMARK [2][-]{subsection.4.3.2}{\376\377\000C\000u\000r\000v\000e\000\040\000M\000a\000t\000c\000h\000i\000n\000g\000\040\000T\000e\000c\000h\000n\000i\000q\000u\000e\000s\000\040\000P\000r\000o\000c\000e\000d\000u\000r\000e\000\040\000O\000u\000t\000l\000i\000n\000e\000s}{section.4.3}% 69
\BOOKMARK [2][-]{subsection.4.3.3}{\376\377\000C\000u\000r\000v\000e\000\040\000M\000a\000t\000c\000h\000\040\000T\000e\000c\000h\000n\000i\000q\000u\000e\000s\000\040\000R\000e\000s\000u\000l\000t\000s}{section.4.3}% 70
\BOOKMARK [1][-]{section.4.4}{\376\377\000V\000e\000r\000t\000i\000c\000a\000l\000\040\000E\000l\000e\000c\000t\000r\000i\000c\000a\000l\000\040\000S\000o\000u\000n\000d\000i\000n\000g\000\040\000D\000a\000t\000a\000\040\000I\000n\000t\000e\000r\000p\000r\000e\000t\000a\000t\000i\000o\000n}{chapter.4}% 71
\BOOKMARK [2][-]{subsection.4.4.1}{\376\377\000V\000E\000S\000\040\0001\000\040\000S\000t\000a\000t\000i\000o\000n\000\040\000a\000t\000\040\000U\000I\000\040\000M\000o\000s\000q\000u\000e}{section.4.4}% 72
\BOOKMARK [2][-]{subsection.4.4.2}{\376\377\000V\000E\000S\000\040\0002\000\040\000S\000t\000a\000t\000i\000o\000n\000\040\000a\000t\000\040\000U\000I\000\040\000M\000o\000s\000q\000u\000e}{section.4.4}% 73
\BOOKMARK [2][-]{subsection.4.4.3}{\376\377\000V\000E\000S\000\040\0003\000\040\000S\000t\000a\000t\000i\000o\000n\000\040\000a\000t\000\040\000U\000I\000\040\000M\000o\000s\000q\000u\000e}{section.4.4}% 74
\BOOKMARK [2][-]{subsection.4.4.4}{\376\377\000V\000E\000S\000\040\0004\000\040\000S\000t\000a\000t\000i\000o\000n\000\040\000a\000t\000\040\000U\000I\000\040\000M\000o\000s\000q\000u\000e}{section.4.4}% 75
\BOOKMARK [2][-]{subsection.4.4.5}{\376\377\000V\000E\000S\000\040\0005\000\040\000S\000t\000a\000t\000i\000o\000n\000\040\000a\000t\000\040\000U\000I\000\040\000M\000o\000s\000q\000u\000e}{section.4.4}% 76
\BOOKMARK [2][-]{subsection.4.4.6}{\376\377\000V\000E\000S\000\040\0006\000\040\000S\000t\000a\000t\000i\000o\000n\000\040\000a\000t\000\040\000U\000I\000\040\000M\000o\000s\000q\000u\000e}{section.4.4}% 77
\BOOKMARK [2][-]{subsection.4.4.7}{\376\377\000V\000E\000S\000\040\0007\000\040\000S\000t\000a\000t\000i\000o\000n\000\040\000a\000t\000\040\000U\000I\000\040\000M\000o\000s\000q\000u\000e}{section.4.4}% 78
\BOOKMARK [2][-]{subsection.4.4.8}{\376\377\000V\000E\000S\000\040\0008\000\040\000S\000t\000a\000t\000i\000o\000n\000\040\000a\000t\000\040\000U\000I\000\040\000M\000o\000s\000q\000u\000e}{section.4.4}% 79
\BOOKMARK [2][-]{subsection.4.4.9}{\376\377\000V\000E\000S\000\040\0009\000\040\000S\000t\000a\000t\000i\000o\000n\000\040\000a\000t\000\040\000U\000I\000\040\000M\000o\000s\000q\000u\000e}{section.4.4}% 80
\BOOKMARK [2][-]{subsection.4.4.10}{\376\377\000V\000E\000S\000\040\0001\0000\000\040\000S\000t\000a\000t\000i\000o\000n\000\040\000a\000t\000\040\000U\000I\000\040\000M\000o\000s\000q\000u\000e}{section.4.4}% 81
\BOOKMARK [2][-]{subsection.4.4.11}{\376\377\000V\000E\000S\000\040\0001\000\040\000S\000t\000a\000t\000i\000o\000n\000\040\000a\000t\000\040\000A\000A\000H}{section.4.4}% 82
\BOOKMARK [2][-]{subsection.4.4.12}{\376\377\000V\000E\000S\000\040\0002\000\040\000S\000t\000a\000t\000i\000o\000n\000\040\000a\000t\000\040\000A\000A\000H}{section.4.4}% 83
\BOOKMARK [2][-]{subsection.4.4.13}{\376\377\000V\000E\000S\000\040\0003\000\040\000S\000t\000a\000t\000i\000o\000n\000\040\000a\000t\000\040\000A\000A\000H}{section.4.4}% 84
\BOOKMARK [2][-]{subsection.4.4.14}{\376\377\000V\000E\000S\000\040\0004\000\040\000S\000t\000a\000t\000i\000o\000n\000\040\000a\000t\000\040\000A\000A\000H}{section.4.4}% 85
\BOOKMARK [2][-]{subsection.4.4.15}{\376\377\000V\000E\000S\000\040\0005\000\040\000S\000t\000a\000t\000i\000o\000n\000\040\000a\000t\000\040\000A\000A\000H}{section.4.4}% 86
\BOOKMARK [2][-]{subsection.4.4.16}{\376\377\000V\000E\000S\000\040\0006\000\040\000S\000t\000a\000t\000i\000o\000n\000\040\000a\000t\000\040\000A\000A\000H}{section.4.4}% 87
\BOOKMARK [2][-]{subsection.4.4.17}{\376\377\000V\000E\000S\000\040\0007\000\040\000S\000t\000a\000t\000i\000o\000n\000\040\000a\000t\000\040\000A\000A\000H}{section.4.4}% 88
\BOOKMARK [2][-]{subsection.4.4.18}{\376\377\000V\000E\000S\000\040\0008\000\040\000S\000t\000a\000t\000i\000o\000n\000\040\000a\000t\000\040\000A\000A\000H}{section.4.4}% 89
\BOOKMARK [2][-]{subsection.4.4.19}{\376\377\000V\000E\000S\000\040\0009\000\040\000S\000t\000a\000t\000i\000o\000n\000\040\000a\000t\000\040\000A\000A\000H}{section.4.4}% 90
\BOOKMARK [2][-]{subsection.4.4.20}{\376\377\000V\000E\000S\000\040\0001\0000\000\040\000S\000t\000a\000t\000i\000o\000n\000\040\000a\000t\000\040\000A\000A\000H}{section.4.4}% 91
\BOOKMARK [1][-]{section.4.5}{\376\377\000C\000o\000n\000s\000t\000a\000n\000t\000\040\000S\000e\000p\000a\000r\000a\000t\000i\000o\000n\000\040\000T\000r\000a\000v\000e\000r\000s\000i\000n\000g\000\040\000D\000a\000t\000a\000\040\000I\000n\000t\000e\000r\000p\000r\000e\000t\000a\000t\000i\000o\000n}{chapter.4}% 92
\BOOKMARK [1][-]{section.4.6}{\376\377\000I\000n\000t\000e\000r\000p\000r\000e\000t\000a\000t\000i\000o\000n\000\040\000o\000f\000\040\000t\000h\000e\000\040\000P\000r\000o\000f\000i\000l\000e\000s}{chapter.4}% 93
\BOOKMARK [2][-]{subsection.4.6.1}{\376\377\000R\000e\000s\000i\000s\000i\000t\000i\000v\000i\000t\000y\000\040\000V\000a\000r\000i\000a\000t\000i\000o\000n\000s}{section.4.6}% 94
\BOOKMARK [2][-]{subsection.4.6.2}{\376\377\000P\000r\000o\000f\000i\000l\000e\000\040\0001\000\040\000a\000t\000\040\000U\000I\000\040\000M\000o\000s\000q\000u\000e}{section.4.6}% 95
\BOOKMARK [2][-]{subsection.4.6.3}{\376\377\000P\000r\000o\000f\000i\000l\000e\000\040\0002\000\040\000a\000t\000\040\000U\000I\000\040\000M\000o\000s\000q\000u\000e}{section.4.6}% 96
\BOOKMARK [2][-]{subsection.4.6.4}{\376\377\000P\000r\000o\000f\000i\000l\000e\000\040\0003\000\040\000a\000t\000\040\000U\000I\000\040\000M\000o\000s\000q\000u\000e}{section.4.6}% 97
\BOOKMARK [2][-]{subsection.4.6.5}{\376\377\000P\000r\000o\000f\000i\000l\000e\000\040\0001\000\040\000a\000t\000\040\000A\000A\000H}{section.4.6}% 98
\BOOKMARK [2][-]{subsection.4.6.6}{\376\377\000P\000r\000o\000f\000i\000l\000e\000\040\0002\000\040\000a\000t\000\040\000A\000A\000H}{section.4.6}% 99
\BOOKMARK [1][-]{section.4.7}{\376\377\000G\000e\000o\000e\000l\000e\000c\000t\000r\000i\000c\000\040\000S\000e\000c\000t\000i\000o\000n\000\040\000a\000l\000o\000n\000g\000\040\000t\000h\000e\000\040\000P\000r\000o\000f\000i\000l\000e\000s\000\040\000u\000s\000i\000n\000g\000\040\000S\000u\000r\000f\000e\000r}{chapter.4}% 100
\BOOKMARK [2][-]{subsection.4.7.1}{\376\377\000U\000I\000\040\000M\000o\000s\000q\000u\000e\000\040\000P\000r\000o\000f\000i\000l\000e\000\040\0001\000\040\000G\000e\000o\000e\000l\000e\000c\000t\000r\000i\000c\000\040\000S\000e\000c\000t\000i\000o\000n}{section.4.7}% 101
\BOOKMARK [2][-]{subsection.4.7.2}{\376\377\000U\000I\000\040\000M\000o\000s\000q\000u\000e\000\040\000P\000r\000o\000f\000i\000l\000e\000\040\0002\000\040\000G\000e\000o\000e\000l\000e\000c\000t\000r\000i\000c\000\040\000S\000e\000c\000t\000i\000o\000n}{section.4.7}% 102
\BOOKMARK [2][-]{subsection.4.7.3}{\376\377\000U\000I\000\040\000M\000o\000s\000q\000u\000e\000\040\000P\000r\000o\000f\000i\000l\000e\000\040\0003\000\040\000G\000e\000o\000e\000l\000e\000c\000t\000r\000i\000c\000\040\000S\000e\000c\000t\000i\000o\000n}{section.4.7}% 103
\BOOKMARK [2][-]{subsection.4.7.4}{\376\377\000A\000b\000u\000b\000a\000k\000a\000r\000\040\000A\000b\000d\000u\000l\000s\000a\000l\000a\000m\000\040\000H\000a\000l\000l\000\040\000P\000r\000o\000f\000i\000l\000e\000\040\0001\000\040\000G\000e\000o\000e\000l\000e\000c\000t\000r\000i\000c\000\040\000S\000e\000c\000t\000i\000o\000n}{section.4.7}% 104
\BOOKMARK [2][-]{subsection.4.7.5}{\376\377\000A\000b\000u\000b\000a\000k\000a\000r\000\040\000A\000b\000d\000u\000l\000s\000a\000l\000a\000m\000\040\000H\000a\000l\000l\000\040\000P\000r\000o\000f\000i\000l\000e\000\040\0001\000\040\000G\000e\000o\000e\000l\000e\000c\000t\000r\000i\000c\000\040\000S\000e\000c\000t\000i\000o\000n}{section.4.7}% 105
\BOOKMARK [1][-]{section.4.8}{\376\377\000G\000e\000o\000e\000l\000e\000c\000t\000r\000i\000c\000\040\000P\000a\000r\000a\000m\000e\000t\000e\000r\000s\000\040\000a\000n\000d\000\040\000t\000h\000e\000\040\000I\000n\000f\000e\000r\000r\000e\000d\000\040\000L\000i\000t\000h\000o\000l\000o\000g\000y\000\040\000o\000f\000\040\000t\000h\000e\000\040\000S\000t\000u\000d\000y\000\040\000A\000r\000e\000a}{chapter.4}% 106
\BOOKMARK [2][-]{subsection.4.8.1}{\376\377\000M\000o\000d\000e\000l\000\040\000I\000n\000t\000e\000r\000p\000r\000e\000t\000a\000t\000i\000o\000n\000\040\000o\000f\000\040\000L\000a\000y\000e\000r\000s\000\040\000f\000o\000r\000\040\000U\000I\000\040\000M\000o\000s\000q\000u\000e\000\040\000S\000t\000u\000d\000y\000\040\000A\000r\000e\000a}{section.4.8}% 107
\BOOKMARK [2][-]{subsection.4.8.2}{\376\377\000M\000o\000d\000e\000l\000\040\000I\000n\000t\000e\000r\000p\000r\000e\000t\000a\000t\000i\000o\000n\000\040\000o\000f\000\040\000L\000a\000y\000e\000r\000s\000\040\000f\000o\000r\000\040\000A\000A\000H\000\040\000S\000t\000u\000d\000y\000\040\000A\000r\000e\000a}{section.4.8}% 108
\BOOKMARK [0][-]{chapter.5}{\376\377\000C\000H\000A\000P\000T\000E\000R\000\040\0005\000:\000\040\000S\000U\000M\000M\000A\000R\000Y\000,\000\040\000C\000O\000N\000C\000L\000U\000S\000I\000O\000N\000,\000\040\000A\000N\000D\000\040\000R\000E\000C\000O\000M\000M\000E\000N\000D\000A\000T\000I\000O\000N\000S}{}% 109
\BOOKMARK [1][-]{section.5.1}{\376\377\000S\000U\000M\000M\000A\000R\000Y}{chapter.5}% 110
\BOOKMARK [1][-]{section.5.2}{\376\377\000R\000E\000C\000O\000M\000M\000E\000N\000D\000A\000T\000I\000O\000N\000S}{chapter.5}% 111
\BOOKMARK [1][-]{section.5.3}{\376\377\000C\000O\000N\000C\000L\000U\000S\000I\000O\000N}{chapter.5}% 112
\BOOKMARK [0][-]{chapter*.93}{\376\377\000R\000E\000F\000F\000E\000R\000E\000N\000C\000E\000S}{}% 113
\BOOKMARK [0][-]{chapter*.94}{\376\377\000A\000C\000R\000O\000N\000Y\000M\000S}{}% 114
